<?xml version="1.0" encoding="UTF-8"?>
<!-- Generated by org.testng.reporters.JUnitReportReporter -->
<testsuite hostname="DESKTOP-GJG10KV" failures="0" tests="1" name="com.demo.Test1" time="6.146" errors="0" timestamp="2023-11-27T12:18:02 IST" skipped="0">
  <testcase classname="com.demo.Test1" name="customerlogin" time="6.146"/>
</testsuite> <!-- com.demo.Test1 -->
